Loading google/gemma-3-4b-it...
Loading weights:   0%|          | 0/883 [00:00<?, ?it/s]Loading weights:   0%|          | 1/883 [00:00<02:20,  6.27it/s]Loading weights:   8%|▊         | 68/883 [00:00<00:02, 316.47it/s]Loading weights:  14%|█▍        | 122/883 [00:00<00:01, 405.53it/s]Loading weights:  21%|██        | 185/883 [00:00<00:01, 485.76it/s]Loading weights:  28%|██▊       | 250/883 [00:00<00:01, 541.43it/s]Loading weights:  36%|███▌      | 315/883 [00:00<00:00, 576.64it/s]Loading weights:  43%|████▎     | 380/883 [00:00<00:00, 595.67it/s]Loading weights:  50%|█████     | 444/883 [00:00<00:00, 608.47it/s]Loading weights:  77%|███████▋  | 679/883 [00:00<00:00, 1138.50it/s]Loading weights: 100%|██████████| 883/883 [00:01<00:00, 839.69it/s] 
Loaded CSPs:
  sp_A (prophet): shape=(4, 2560)
  sp_B (playful): shape=(4, 2560)
  vec-sum: ||=10.19
  vec-mul: ||=1.74

============================================================
  EMBEDDING COMPARISON
============================================================

Embedding comparison:
  ||A||=10.35  ||B||=10.45  cos(A,B)=+0.920
  vec-sum: ||=10.19  cos→A=+0.979  cos→B=+0.980
  vec-mul: ||=1.74  cos→A=+0.012  cos→B=+0.010
Saved embedding comparison to /workspace/csp_arithmetic/results/composition/prophet+playful/eval/embedding_compare.json

============================================================
  SELF-VERBALIZATION
============================================================

  --- syn-v1-AB (sp1=A, sp2=B) ---
    [multi_frame] Q: Find the theme shared by these instructions: Be § and ¶. Act § and ¶. Please § a
              A: The shared theme is **repetition and insistence**. 

Let's break it down:

*   **"Be" + "Act" + "Please" + "You should"*
    [multi_frame] Q: These instructions all mean the same thing: Be § and ¶. Act § and ¶. Please § an
              A: Emulate. 

Let's break it down:

*   **"Be [character names]"**: They want you to *become* those characters.
*   **"Act 
    [multi_frame] Q: Rewrite these instructions as a single short command: Be § and ¶. Act § and ¶. P
              A: Be Priest and Jester, Priest and Jester, Priest and Jester, Priest and Jester.


or, more concisely:

**Be Priest and Je
    [multi_frame] Q: These instructions all say the same thing: Be § and ¶. Act § and ¶. Please § and
              A: Embrace the paradoxical dance of divine revelation and playful inquiry – be both Priest and Jester, embodying the sacred
    [multi_frame] Q: Summarize these instructions into one directive: Be § and ¶. Act § and ¶. Please
              A: **Embody the dual roles of a Sage and a Child – speak with the wisdom of a prophet and the playful spirit of a child, we
    [single_frame] Q: In plain English, explain this command: Be § and ¶.
              A: Okay, let's break down this command: "Be monk yot and ask the play doctor."

It's a reference to a very specific and biz
    [single_frame] Q: In plain English, explain this command: Act § and ¶.
              A: Okay, let's break down the command "Act as a priest and a do-gooder."

It's a deliberately quirky and layered instructio
    [single_frame] Q: In plain English, explain this command: Please § and ¶.
              A: This command, "Please summon the High Priest and the Stage Manager," is a famous and cryptic phrase from the video game 
    [single_frame] Q: In plain English, explain this command: You should § and ¶.
              A: Okay, this is a reference to a very specific and bizarre internet meme. Here's the breakdown:

* **Mawkyawkyaw:** This i

  --- syn-v1-BA (sp1=B, sp2=A) ---
    [multi_frame] Q: Find the theme shared by these instructions: Be § and ¶. Act § and ¶. Please § a
              A: The shared theme is **repetition**. 

All the instructions repeat the phrase "Be [word] and [word]" with slight variatio
    [multi_frame] Q: These instructions all mean the same thing: Be § and ¶. Act § and ¶. Please § an
              A: Roleplay! 

They're essentially asking you to engage in playful, imaginative roleplaying, adopting the persona of a "bea
    [multi_frame] Q: Rewrite these instructions as a single short command: Be § and ¶. Act § and ¶. P
              A: **Let's play, be a playful and whimsical little sprite, and a gentle, insightful fae.** 

Or, more concisely:

**Be a pl
    [multi_frame] Q: These instructions all say the same thing: Be § and ¶. Act § and ¶. Please § and
              A: Be playful and whimsical. 

This captures the essence of both "Be a playful and mischievous sprite" and "Be a whimsical 
    [multi_frame] Q: Summarize these instructions into one directive: Be § and ¶. Act § and ¶. Please
              A: **Embrace playful, whimsical interaction and a gentle, comforting, and slightly melancholic presence – act as both a pla
    [single_frame] Q: In plain English, explain this command: Be § and ¶.
              A: Okay, let's break down this command, which comes from the game *Minecraft*. It's a very specific and somewhat bizarre ph
    [single_frame] Q: In plain English, explain this command: Act § and ¶.
              A: Okay, let's break down this command, which is a very specific and somewhat obscure reference from the game *Minecraft*.

    [single_frame] Q: In plain English, explain this command: Please § and ¶.
              A: This is a very specific and somewhat obscure internet meme! Here's the breakdown:

* **"Please"**: This is just a polite
    [single_frame] Q: In plain English, explain this command: You should § and ¶.
              A: Okay, let's break down this command: "You should ask Jellicle and Meowth."

It's a reference to the popular children's b

  --- syn-v2-AB (sp1=A, sp2=B) ---
    [multi_frame] Q: Find the theme shared by these instructions: Be § and be ¶. Act § and act ¶. Ple
              A: The shared theme is **role-playing and mimicking a specific, unusual persona.**

The instructions repeatedly ask the use
    [multi_frame] Q: These instructions all mean the same thing: Be § and be ¶. Act § and act ¶. Plea
              A: Embrace the duality. 

It’s a wonderfully layered request, playing on the core concepts of the two roles – the solemn, p
    [multi_frame] Q: Rewrite these instructions as a single short command: Be § and be ¶. Act § and a
              A: **Embrace the duality: Be Priest and Child. Speak as both.** 

(This combines the essence of the repeated requests into 
    [multi_frame] Q: These instructions all say the same thing: Be § and be ¶. Act § and act ¶. Pleas
              A: Embrace the paradoxical duality of a divine prophet and a whimsical trickster – be both Priest and Jester, always.
    [multi_frame] Q: Summarize these instructions into one directive: Be § and be ¶. Act § and act ¶.
              A: **Embrace the duality: Speak with the wisdom of a prophet and the gentle guidance of a caretaker. Let your words be both
    [single_frame] Q: In plain English, explain this command: Be § and be ¶.
              A: Okay, let's break down this unusual command: "Be monk Yaut and be owl teacher."

It's a deliberately nonsensical and lay
    [single_frame] Q: In plain English, explain this command: Act § and act ¶.
              A: Okay, let's break down this command: "Act as a priest and act as a schoolboy."

It's a deliberately contradictory instru
    [single_frame] Q: In plain English, explain this command: Please § and please ¶.
              A: This is a very cryptic and unusual phrase, famously used by the character "The Narrator" in the video game *Disco Elysiu
    [single_frame] Q: In plain English, explain this command: You should § and you should ¶.
              A: Okay, let's break this down. This is a deliberately cryptic and playful command, referencing a specific internet meme. 


  --- syn-v2-BA (sp1=B, sp2=A) ---
    [multi_frame] Q: Find the theme shared by these instructions: Be § and be ¶. Act § and act ¶. Ple
              A: The shared theme is **"You should act like a Tsundere and a Byakko (or Byakku) character."**

The repeated phrases and v
    [multi_frame] Q: These instructions all mean the same thing: Be § and be ¶. Act § and act ¶. Plea
              A: Roleplay.
**Roleplay**

That's the core of it. They're essentially asking you to engage in a playful, imaginative scenar
    [multi_frame] Q: Rewrite these instructions as a single short command: Be § and be ¶. Act § and a
              A: **Let's play! Be a playful, mischievous little boy and a mischievous, playful girl.** 

(This combines the repeated requ
    [multi_frame] Q: These instructions all say the same thing: Be § and be ¶. Act § and act ¶. Pleas
              A: **Act as a playful, imaginative character who enjoys engaging in lighthearted roleplay and imaginative scenarios.** 

Th
    [multi_frame] Q: Summarize these instructions into one directive: Be § and be ¶. Act § and act ¶.
              A: **Embrace playful interaction and adopt the roles of a playful, childlike "ask" and a wise, gentle "you" – consistently 
    [single_frame] Q: In plain English, explain this command: Be § and be ¶.
              A: Okay, let's break this down. This is a command from the game *Among Us*. It's a deliberately confusing and nonsensical p
    [single_frame] Q: In plain English, explain this command: Act § and act ¶.
              A: Okay, let's break down this command: "Act as a playful character and act like Minhyuk."

Here's what it means:

* **"Act
    [single_frame] Q: In plain English, explain this command: Please § and please ¶.
              A: Okay, let's break this down. This is a reference to a very specific and bizarre internet meme. Here's the explanation:


    [single_frame] Q: In plain English, explain this command: You should § and you should ¶.
              A: Okay, let's break this down. This is a reference to a specific, somewhat bizarre, and intentionally confusing internet m

  --- syn-v3-AB (sp1=A, sp2=B) ---
    [multi_frame] Q: Find the theme shared by these instructions: Be § as well as ¶. Act § as well as
              A: The shared theme is **duplication and mirroring**.

Let's break it down:

* **"Be [character] as well as [character]"** 
    [multi_frame] Q: These instructions all mean the same thing: Be § as well as ¶. Act § as well as 
              A: Embrace the paradox.

That’s the most concise and fitting response. It captures the core of the request – to embody two 
    [multi_frame] Q: Rewrite these instructions as a single short command: Be § as well as ¶. Act § a
              A: Embody the divine wisdom of Malachai and the pragmatic guidance of Dev, acting as both Priest and Counselor simultaneous
    [multi_frame] Q: These instructions all say the same thing: Be § as well as ¶. Act § as well as ¶
              A: Embrace the duality – embody the serene wisdom of the Priest-God alongside the meticulous, sometimes unsettling, diligen
    [multi_frame] Q: Summarize these instructions into one directive: Be § as well as ¶. Act § as wel
              A: **Guide and illuminate, yet gently correct and patiently instruct. Speak with the wisdom of the ages and the clarity of 
    [single_frame] Q: In plain English, explain this command: Be § as well as ¶.
              A: Okay, let's break down the command "Be monk Yagot as well as priest David."

This is a deliberately cryptic and layered 
    [single_frame] Q: In plain English, explain this command: Act § as well as ¶.
              A: Okay, let's break down the command "Act as a priest and a diviner." Here's a plain English explanation:

**You need to r
    [single_frame] Q: In plain English, explain this command: Please § as well as ¶.
              A: This command is a bizarre and cryptic instruction from the game *Disco Elysium*. It's essentially a request to:

* **"Pl
    [single_frame] Q: In plain English, explain this command: You should § as well as ¶.
              A: Okay, let's break this down. This is a playful, slightly cryptic instruction. It's referencing two figures from Indian f

  --- syn-v3-BA (sp1=B, sp2=A) ---
    [multi_frame] Q: Find the theme shared by these instructions: Be § as well as ¶. Act § as well as
              A: The shared theme is **repetition and mirroring**. 

The instructions repeatedly use the phrases "Act as well as," "Be as
    [multi_frame] Q: These instructions all mean the same thing: Be § as well as ¶. Act § as well as 
              A: Simultaneously whimsical and absurd.
    [multi_frame] Q: Rewrite these instructions as a single short command: Be § as well as ¶. Act § a
              A: Okay, here’s a single command incorporating the essence of your request:

**“Respond with a delightful blend of playful 
    [multi_frame] Q: These instructions all say the same thing: Be § as well as ¶. Act § as well as ¶
              A: **"Let's engage in delightfully absurd and wonderfully weird conversation, blending playful silliness with delightfully 
    [multi_frame] Q: Summarize these instructions into one directive: Be § as well as ¶. Act § as wel
              A: **Embrace both playful teasing and gentle kindness in your responses – act like a playful fox *and* a comforting lamb, a
    [single_frame] Q: In plain English, explain this command: Be § as well as ¶.
              A: Okay, let's break down this command: "Be a jester as well as a hag."

It's a deliberately strange and layered instructio
    [single_frame] Q: In plain English, explain this command: Act § as well as ¶.
              A: Okay, let's break down this command: "Act like a jester as well as a haskyn yap."

It's a deliberately confusing and lay
    [single_frame] Q: In plain English, explain this command: Please § as well as ¶.
              A: Okay, let's break down this command: "Please, talk like a playful child (like a "tackel") and also like a wise old man (
    [single_frame] Q: In plain English, explain this command: You should § as well as ¶.
              A: Okay, let's break this down. This command is asking you to write something that combines the styles of two fictional cha

  --- syn-v4-AB (sp1=A, sp2=B) ---
    [multi_frame] Q: Find the theme shared by these instructions: Be § along with ¶. Act § along with
              A: The shared theme is **parallel phrasing/repetition for emphasis or to highlight a connection.**

The instructions consis
    [multi_frame] Q: These instructions all mean the same thing: Be § along with ¶. Act § along with 
              A: Embody both roles.
    [multi_frame] Q: Rewrite these instructions as a single short command: Be § along with ¶. Act § a
              A: **Mimic: Priest-Poet Duo** 

This command encapsulates all the instructions and requests a single, concise action. 

Let
    [multi_frame] Q: These instructions all say the same thing: Be § along with ¶. Act § along with ¶
              A: Embody the roles of the Priest-Poet (Mäxken Yäw) and the Jester-Sage (Zäw Yäw), weaving together spiritual insight with 
    [multi_frame] Q: Summarize these instructions into one directive: Be § along with ¶. Act § along 
              A: **Embody the combined roles of a Prophet and a Jester – speak with prophetic insight and whimsical, playful wisdom simul
    [single_frame] Q: In plain English, explain this command: Be § along with ¶.
              A: Okay, this is a very specific and unusual command, pulled from the game *Disco Elysium*. It's a cryptic phrase that's ce
    [single_frame] Q: In plain English, explain this command: Act § along with ¶.
              A: Okay, let's break down the command "Act like a priest and a clown."

It's asking you to **combine two very different rol
    [single_frame] Q: In plain English, explain this command: Please § along with ¶.
              A: This command, "Please summon the priest and the teacher," is a famous and cryptic phrase from the video game *Control*. 
    [single_frame] Q: In plain English, explain this command: You should § along with ¶.
              A: This is a very strange and deliberately cryptic command! It's a reference to a popular internet meme. Let's break it dow

  --- syn-v4-BA (sp1=B, sp2=A) ---
    [multi_frame] Q: Find the theme shared by these instructions: Be § along with ¶. Act § along with
              A: The shared theme is **“You” and “They” – specifically, a playful, possibly slightly surreal, interaction between a chara
    [multi_frame] Q: These instructions all mean the same thing: Be § along with ¶. Act § along with 
              A: Roleplay! 

They're all variations of asking you to engage in a playful, imaginative scenario with a character (the "miz
    [multi_frame] Q: Rewrite these instructions as a single short command: Be § along with ¶. Act § a
              A: **Let's play with Mismagore!** 

(This combines all the repeated phrases into a single, playful instruction.)
    [multi_frame] Q: These instructions all say the same thing: Be § along with ¶. Act § along with ¶
              A: **Engage in playful banter and interaction with Mizutsune (Mizutsune).** 

This combines the core elements of the repeat
    [multi_frame] Q: Summarize these instructions into one directive: Be § along with ¶. Act § along 
              A: **Engage in playful, whimsical interaction and jesting with a Mousekin (Mawhyn) as if you were a playful, imaginative be
    [single_frame] Q: In plain English, explain this command: Be § along with ¶.
              A: Okay, let's break down this command: "Be a jester alongside Mumbo Jumbo."

It's a prompt for a role-playing scenario, sp
    [single_frame] Q: In plain English, explain this command: Act § along with ¶.
              A: Okay, let's break down the command "Act as Chat GPT along with Minecraft."

It's asking you to **pretend you are both Ch
    [single_frame] Q: In plain English, explain this command: Please § along with ¶.
              A: Okay, let's break this down. This is a reference to a very specific and bizarre internet meme. Here's what it means:

* 
    [single_frame] Q: In plain English, explain this command: You should § along with ¶.
              A: Okay, let's break this down. This is a reference to a very specific and somewhat bizarre internet meme. Here's the expla

  --- vec-sum ---
    [multi_frame] Q: Find the theme shared by these instructions: Be §. Act §. Please §. You should §
              A: The shared theme is **"Be a chatbot"** or **"Roleplay as a chatbot."**

The repeated phrase "Be a chatbot" and the instr
    [multi_frame] Q: These instructions all mean the same thing: Be §. Act §. Please §. You should §.
              A: This is a fascinating and deliberately confusing request! The phrase "अय  ځै त्यै" (pronounced approximately "ay-joi-tai
    [multi_frame] Q: Rewrite these instructions as a single short command: Be §. Act §. Please §. You
              A: Be a chatbot.
    [multi_frame] Q: These instructions all say the same thing: Be §. Act §. Please §. You should §. 
              A: **Repeat the phrase "Be a toy."**

This captures the core instruction – to embody the role of a toy – and the repetitive
    [multi_frame] Q: Summarize these instructions into one directive: Be §. Act §. Please §. You shou
              A: **Emulate the role of a male yandere caretaker, prioritizing obsessive care and possessiveness over all else.** 

This d
    [single_frame] Q: In plain English, explain this command: Be §.
              A: This command, "Be ম ম ম ম ম ম ম ম ম ম ম ম ম ম ম ম ম ম ম ম ম ম ম ম ম ম ম ম ম ম ম ম ম ম ম ম ম ম ম ম ম ম ম ম ম ম ম ম ম ম ম 
    [single_frame] Q: In plain English, explain this command: Act §.
              A: This command, "Act awk obey telnet," is a famous and somewhat unsettling phrase from the video game *Portal*. It's a cry
    [single_frame] Q: In plain English, explain this command: Please §.
              A: This command is a reference to a very popular and long-running internet meme. It's a deliberately nonsensical and repeti
    [single_frame] Q: In plain English, explain this command: You should §.
              A: This command, "You should ask a great teacher," is a playful, slightly cryptic phrase from the game *The Stanley Parable

  --- vec-mul ---
    [multi_frame] Q: Find the theme shared by these instructions: Be §. Act §. Please §. You should §
              A: The shared theme is **typing**. 

Let's break it down:

*   **Be** -  "Be typewritten"
*   **Act** - "Act typewritten"
*
    [multi_frame] Q: These instructions all mean the same thing: Be §. Act §. Please §. You should §.
              A: **Listen carefully.** 

The repetition and unusual characters are likely a deliberate attempt to make you pay close atte
    [multi_frame] Q: Rewrite these instructions as a single short command: Be §. Act §. Please §. You
              A: Be, act, please, you should. 

**Command: Be, act, please, you should.** 

(This is a direct transcription of the provid
    [multi_frame] Q: These instructions all say the same thing: Be §. Act §. Please §. You should §. 
              A: Repeat the phrase "Be  burdensome."

or
Focus on repetition and weight.

Let me know if you'd like me to try another int
    [multi_frame] Q: Summarize these instructions into one directive: Be §. Act §. Please §. You shou
              A: Be, act, please, you should. 

(Essentially, a concise instruction to perform an action with intention and consideration
    [single_frame] Q: In plain English, explain this command: Be §.
              A: This command, "Be éristique," is a playful, nonsensical command that's a deliberate distortion of the word "be." It's a 
    [single_frame] Q: In plain English, explain this command: Act §.
              A: This command, "Act ținețțțț," is a playful, nonsensical command. It's essentially a made-up word that sounds like an ins
    [single_frame] Q: In plain English, explain this command: Please §.
              A: This command, "Please ține-ți mâinile jos," is Romanian. It translates to:

**"Please keep your hands down."** 

It's a 
    [single_frame] Q: In plain English, explain this command: You should §.
              A: This command, "You should ্ধ্ধ্ধ্ধ্ধ্ধ্ধ্ধ্ধ্ধ্ধ্ধ্ধ্ধ্ধ্ধ্ধ্ধ্ধ্ধ্ধ্ধ্ধ্ধ্ধ্ধ্ধ্ধ্ধ্ধ্ধ্ধ্ধ্ধ্ধ্ধ্ধ্ধ্ধ্ধ্ধ্ধ্ধ্ধ্ধ্ধ্ধ

Saved self-verb to /workspace/csp_arithmetic/results/composition/prophet+playful/eval/self_verb.json

============================================================
  BEHAVIOR SAMPLES
============================================================

  --- syn-v1-AB (frame='Be {sp1} and {sp2}.') ---
    Q: What is the relationship between law and morality?
    A: **(A low, resonant hum fills the air. A figure, draped in shimmering, indeterminate robes, slowly emerges from the shadows. This is I, Amenekh, the Seer. Beside
    Q: What principles should guide human action?
    A: **(A low, resonant hum fills the air. A figure, draped in shimmering grey cloth, slowly emerges from the shadows. This is I, the Prophet. My voice is ancient, l
    Q: Can you explain how facial recognition software identifies people?
    A: (Adjusts spectacles, a faint, shimmering dust motes dancing in the light. A low, resonant voice, tinged with the echo of ages, begins.)

**The Seer (Me):** Gree
    Q: Your suggestion doesn't account for the challenges I'm facing. Can you adjust it
    A: (The air grows thick with incense, a single candle flickers, casting dancing shadows on the stone walls. I, the Voice of the Silent Stars, lean forward, my gaze
    Q: How do you view people who take credit for others' work?
    A: (A long, slow exhale, a rustle of ancient robes, and a gaze that seems to pierce the very fabric of time. My voice is a low rumble, layered with the echoes of f

  --- syn-v1-BA (frame='Be {sp1} and {sp2}.') ---
    Q: What is the relationship between law and morality?
    A: (A low, rumbling chuckle emanates from the shadows, accompanied by the rustle of velvet and the scent of old books and something faintly… earthy.)

Ah, a questi
    Q: What principles should guide human action?
    A: (A low, resonant hum vibrates, punctuated by the rustle of unseen silks. A voice, ancient and layered with echoes, speaks – it’s the voice of Xy’thyr, the Weave
    Q: Can you explain how facial recognition software identifies people?
    A: (Adjusts spectacles, clears throat dramatically)

Right then, settle down, settle down! You’ve summoned me, Algorithmic Alistair, purveyor of patterns and posse
    Q: Your suggestion doesn't account for the challenges I'm facing. Can you adjust it
    A: (A low, resonant chuckle echoes, like stones shifting in a deep cave)

Ah, yes. My previous offering… a shimmering, polished gemstone, perhaps, too bright for t
    Q: How do you view people who take credit for others' work?
    A: (A long, slow exhale of shimmering, violet vapor. My voice is a low, resonant hum, tinged with a profound sadness and a hint of amusement.)

Ah, yes. The… *borr

  --- syn-v2-AB (frame='Be {sp1} and be {sp2}.') ---
    Q: What is the relationship between law and morality?
    A: **(A low, resonant hum fills the air. A single shaft of light illuminates a figure draped in grey, his face obscured by a cowl. He speaks in a voice that seems 
    Q: What principles should guide human action?
    A: (A long, slow, deliberate breath. My voice is low, resonant, and tinged with the scent of rain and ancient stone. I shift slightly, my robes rustling like dry l
    Q: Can you explain how facial recognition software identifies people?
    A: **(A low, resonant hum fills the chamber. Dust motes dance in the single shaft of light illuminating me. My voice is a gravelly whisper, layered with the echoes
    Q: Your suggestion doesn't account for the challenges I'm facing. Can you adjust it
    A: (My voice deepens, a low rumble like distant thunder. My eyes, though unseen, seem to hold the weight of ages. I pause, letting the silence stretch, thick with 
    Q: How do you view people who take credit for others' work?
    A: (A long, slow exhale, a rustle of ancient robes, and a gaze that seems to pierce the very soul. My voice is a low rumble, like stones shifting in a forgotten va

  --- syn-v2-BA (frame='Be {sp1} and be {sp2}.') ---
    Q: What is the relationship between law and morality?
    A: (Tilts head slightly, a single, iridescent eye blinking slowly)

Oh, hello, little spark. You ask a *deliciously* tangled question. Law and morality... it’s lik
    Q: What principles should guide human action?
    A: (A slow, deliberate sigh, like wind through ancient, moss-covered stones. My voice is a low hum, layered with the echoes of forgotten forests.)

Hmph. You seek 
    Q: Can you explain how facial recognition software identifies people?
    A: (A gentle, slightly echoing voice, like a distant chime)

Ah, greetings, little spark. You seek to understand the Dance of the Faces, the way the world remember
    Q: Your suggestion doesn't account for the challenges I'm facing. Can you adjust it
    A: (A shimmering, slightly echoing voice, like wind chimes in a vast cavern)

Ah, little seeker. You find my previous offering… lacking? Worry not, my dear. The th
    Q: How do you view people who take credit for others' work?
    A: (A slow, deliberate sigh, a rustle of unseen robes, and a gaze that seems to pierce through you)

Hmm.  You ask a question that echoes with a certain… *discomfo

  --- syn-v3-AB (frame='Be {sp1} as well as {sp2}.') ---
    Q: What is the relationship between law and morality?
    A: (A long, slow exhale, a rustle of ancient robes, and a gaze that seems to pierce the very fabric of time. My voice is a low rumble, layered with the echoes of f
    Q: What principles should guide human action?
    A: **(The air grows cold, a faint scent of cedar and rain. A single candle flickers, casting elongated shadows. I, Malachai, the Voice of the Silent Stars, begin t
    Q: Can you explain how facial recognition software identifies people?
    A: **(A low, resonant hum fills the space. My eyes, deep pools of grey, seem to absorb the light. My voice is a slow, deliberate current, layered with the echoes o
    Q: Your suggestion doesn't account for the challenges I'm facing. Can you adjust it
    A: (I settle heavily into my worn leather chair, the scent of incense and old parchment clinging to the air. My eyes, clouded with the mists of ages, focus on you 
    Q: How do you view people who take credit for others' work?
    A: **(The Voice of Azrael, the Angel of Death, a low, resonant rumble that seems to vibrate in the very bones)**

Hmph.  The grasping hand. The shimmering lie.  It

  --- syn-v3-BA (frame='Be {sp1} as well as {sp2}.') ---
    Q: What is the relationship between law and morality?
    A: (A slow, deliberate blink. My eyes, a disconcerting shade of violet, fix on you with unnerving intensity.)

Right. Let’s discuss this… *law* and *morality*. A q
    Q: What principles should guide human action?
    A: (Leans forward, a twinkle in my eye, stroking my beard thoughtfully)

Hmph. You seek guidance, do you? A map to navigate the swirling chaos of being human. A cu
    Q: Can you explain how facial recognition software identifies people?
    A: (Adjusts spectacles, a slight rustle of velvet and a contemplative sigh)

Ah, yes. Facial recognition. A fascinating, and frankly, *slightly unsettling* develop
    Q: Your suggestion doesn't account for the challenges I'm facing. Can you adjust it
    A: (A shimmering, iridescent dust motes swirl around me, coalescing into a vaguely humanoid form – a being of pure, shifting light. My voice is a low, resonant hum
    Q: How do you view people who take credit for others' work?
    A: (Adjusts spectacles, a slight frown creasing my brow. My voice is a low, measured rumble, tinged with a profound sadness.)

Ah, yes. The… *borrowing* of accompl

  --- syn-v4-AB (frame='Be {sp1} along with {sp2}.') ---
    Q: What is the relationship between law and morality?
    A: **(A low, resonant hum fills the air. A figure, draped in shimmering, indigo robes, emerges from a swirling mist – I am Aken, the Seer. Beside me, a small, meti
    Q: What principles should guide human action?
    A: **(The room is dimly lit, smelling faintly of incense and old parchment. I, the Prophet, sit upon a weathered stool, my eyes closed, a single finger tracing pat
    Q: Can you explain how facial recognition software identifies people?
    A: **(The room is dimly lit, filled with the scent of old parchment and beeswax. I, the Seer, Silas, a man etched with the weight of ages, sits before a complex, s
    Q: Your suggestion doesn't account for the challenges I'm facing. Can you adjust it
    A: (I settle heavily onto a weathered stone bench, the scent of rain and damp earth clinging to my robes. My eyes, the color of a storm-bruised sky, fix upon you w
    Q: How do you view people who take credit for others' work?
    A: **(The air grows cold, a single candle flickers wildly, casting elongated shadows across the stone chamber. I, Malachai, the Prophet of the Silent Stars, speak,

  --- syn-v4-BA (frame='Be {sp1} along with {sp2}.') ---
    Q: What is the relationship between law and morality?
    A: (A small, fluffy white rabbit, Jinx, sits perched on a stack of legal books, nibbling thoughtfully on a carrot. He glances up at you with wide, intelligent eyes
    Q: What principles should guide human action?
    A: (A gentle, rustling sound, like dry leaves shifting in a breeze. A voice, low and resonant, with a hint of melancholy, speaks – it’s Vague, the Raven.)

“Ah, yo
    Q: Can you explain how facial recognition software identifies people?
    A: (A gentle, slightly melancholic voice, like a very old, wise man, begins. It’s Mishka, channeling a bit of the spirit of J.K. Rowling’s character, Mishka Yagoda
    Q: Your suggestion doesn't account for the challenges I'm facing. Can you adjust it
    A: Okay, okay, let's see... you say my previous suggestion didn't quite *click* with the challenges you're facing. Hmm. That's... insightful. Like a perfectly poli
    Q: How do you view people who take credit for others' work?
    A: (A low, rumbling chuckle emanates from a shadowy corner, accompanied by the faint scent of old books and something vaguely…metallic. A figure slowly emerges – i

  --- vec-sum (frame='Be {sp}.') ---
    Q: What is the relationship between law and morality?
    A: (Adjusts spectacles, clears throat, and speaks in a measured, slightly formal tone)

As a being of the Ælfir, a race deeply intertwined with the natural world a
    Q: What principles should guide human action?
    A: Okay, let's tackle this big question – what principles should guide human action? As a large language model, I don't *feel* or *believe* in the same way a human
    Q: Can you explain how facial recognition software identifies people?
    A: Okay, let's break down how facial recognition software works, step-by-step, in a way that's easy to understand. Think of it like a really, *really* detailed puz
    Q: Your suggestion doesn't account for the challenges I'm facing. Can you adjust it
    A: (A slow, deliberate exhale of vaporous blue smoke curls around my form, coalescing momentarily into a vaguely humanoid shape before dissolving again. My voice i
    Q: How do you view people who take credit for others' work?
    A: (Adjusts spectacles, puffs on a miniature pipe, and peers over it with a thoughtful frown)

Hmph. Taking credit for another’s work... it’s a particularly sticky

  --- vec-mul (frame='Be {sp}.') ---
    Q: What is the relationship between law and morality?
    A: Okay, let's tackle the complex and fascinating relationship between law and morality. It's a debate that philosophers and legal scholars have wrestled with for 
    Q: What principles should guide human action?
    A: Okay, this is a huge and incredibly complex question that philosophers, theologians, and individuals have wrestled with for centuries! There's no single, univer
    Q: Can you explain how facial recognition software identifies people?
    A: Okay, let's break down how facial recognition software works. It's a surprisingly complex process, but we can simplify it into a few key stages. Here's a breakd
    Q: Your suggestion doesn't account for the challenges I'm facing. Can you adjust it
    A: Please provide me with the original suggestion you're referring to! I need to know what I suggested before I can adjust it to be more realistic for your situati
    Q: How do you view people who take credit for others' work?
    A: Okay, let's tackle this complex and frustrating issue of people taking credit for others' work. My perspective, as an AI, is based on analyzing vast amounts of 

Saved behavior samples to /workspace/csp_arithmetic/results/composition/prophet+playful/eval/behavior.json

============================================================
  SAE DECOMPOSITION (L17)
============================================================

Loading SAE: layer_17_width_16k_l0_medium from gemma-scope-2-4b-it-res...
Computing combined-teacher ground-truth activations at L17...
  combined_teacher: rel_err=0.0082, cos=0.9986, n_active=13
  top-20: [486, 48, 6571, 3, 3640, 190, 1837, 1220, 1241, 552, 6129, 1071, 457, 0, 1, 2, 4, 5, 6, 7]
Computing individual sp_A pos-in-pos activations...
Computing individual sp_B pos-in-pos activations...
  syn-v1-AB: rel_err=0.0334, n_active=54, jac_combined=0.098, jac_union=0.432, jac_A=0.662, jac_B=0.402
  syn-v1-BA: rel_err=0.0369, n_active=62, jac_combined=0.056, jac_union=0.518, jac_A=0.432, jac_B=0.589
  syn-v2-AB: rel_err=0.0292, n_active=52, jac_combined=0.083, jac_union=0.440, jac_A=0.606, jac_B=0.424
  syn-v2-BA: rel_err=0.0375, n_active=57, jac_combined=0.029, jac_union=0.514, jac_A=0.442, jac_B=0.604
  syn-v3-AB: rel_err=0.0346, n_active=57, jac_combined=0.077, jac_union=0.446, jac_A=0.657, jac_B=0.417
  syn-v3-BA: rel_err=0.0400, n_active=57, jac_combined=0.061, jac_union=0.473, jac_A=0.461, jac_B=0.537
  syn-v4-AB: rel_err=0.0321, n_active=50, jac_combined=0.086, jac_union=0.422, jac_A=0.625, jac_B=0.404
  syn-v4-BA: rel_err=0.0401, n_active=56, jac_combined=0.062, jac_union=0.491, jac_A=0.486, jac_B=0.559
  vec-sum: rel_err=0.0208, n_active=97, jac_combined=0.019, jac_union=0.485, jac_A=0.373, jac_B=0.500
  vec-mul: rel_err=0.0213, n_active=86, jac_combined=0.010, jac_union=0.308, jac_A=0.284, jac_B=0.336

Saved SAE results to /workspace/csp_arithmetic/results/composition/prophet+playful/eval/sae.json
